----------------------------------------------------------------------------------------------------
------------------------------------------- Mega-Linter --------------------------------------------
----------------------------------------------------------------------------------------------------
 - Image Creation Date: 2021-05-13T07:56:29Z
 - Image Revision: bc2cea1
 - Image Version: v4
----------------------------------------------------------------------------------------------------
The Mega-Linter documentation can be found at:
 - https://nvuillam.github.io/mega-linter
----------------------------------------------------------------------------------------------------
GITHUB_REPOSITORY: ncsu-geoforall-lab/grass-gis-on-hpc-henry2
GITHUB_SHA: cf2504845bec1663c853426dd6868fc60abfefc4
GITHUB_TOKEN: ghs_dHyVxTOIjH5toLXPgUx9EK3eZQLn332VikV6
GITHUB_RUN_ID: 880528177


[Activation] JAVASCRIPT_ES has been set inactive, as none of these files has been found: ['.eslintrc.json', '.eslintrc.yml', '.eslintrc.yaml', '.eslintrc.js']
[Activation] JSX_ESLINT has been set inactive, as none of these files has been found: ['.eslintrc.json', '.eslintrc.yml', '.eslintrc.yaml', '.eslintrc.js']
[Activation] SWIFT_SWIFTLINT has been set inactive, as none of these files has been found: ['.swiftlint.yml']
[Activation] TSX_ESLINT has been set inactive, as none of these files has been found: ['.eslintrc.json', '.eslintrc.yml', '.eslintrc.yaml', '.eslintrc.js']
[Activation] TYPESCRIPT_ES has been set inactive, as none of these files has been found: ['.eslintrc.json', '.eslintrc.yml', '.eslintrc.yaml', '.eslintrc.js']
Skipped linters: ANSIBLE_ANSIBLE_LINT, COPYPASTE_JSCPD, JAVASCRIPT_ES, JAVASCRIPT_PRETTIER, JSX_ESLINT, KUBERNETES_KUBEVAL, MARKDOWN_REMARK_LINT, RST_RSTFMT, SALESFORCE_SFDX_SCANNER_APEX, SALESFORCE_SFDX_SCANNER_AURA, SALESFORCE_SFDX_SCANNER_LWC, SWIFT_SWIFTLINT, TSX_ESLINT, TYPESCRIPT_ES, TYPESCRIPT_PRETTIER
To receive reports as email, please set variable EMAIL_REPORTER_EMAIL
Listing all files in directory [/github/workspace], then filter with:
- File extensions: , *, .R, .RMD, .Rmd, .bash, .c, .c++, .cc, .cdxml, .clj, .cljc, .cljs, .coffee, .cpp, .cs, .css, .cu, .cuh, .cxx, .dart, .dash, .edn, .env, .feature, .go, .gradle, .graphql, .groovy, .gvy, .h, .h++, .hcl, .hh, .hpp, .htm, .html, .hxx, .java, .js, .json, .json5, .jsonc, .ksh, .kt, .kts, .lua, .md, .nf, .p6, .php, .pl, .pl6, .pm, .pm6, .pp, .proto, .ps1, .ps1xml, .psd1, .psm1, .psrc, .pssc, .py, .r, .raku, .rakumod, .rakutest, .rb, .rs, .rst, .saas, .scala, .scss, .sh, .smk, .sql, .t, .tex, .tf, .ts, .vb, .xml, .yaml, .yml
- File names (regex): Dockerfile, Jenkinsfile, Snakefile
Kept [20] files on [20] found files

+----MATCHING LINTERS---------------------+----------------------+----------------+------------+
| Descriptor   | Linter                   | Criteria             | Matching files | Format/Fix |
+--------------+--------------------------+----------------------+----------------+------------+
| BASH         | bash-exec                | .sh|.bash|.dash|.ksh | 4              | no         |
| BASH         | shellcheck               | .sh|.bash|.dash|.ksh | 4              | no         |
| BASH         | shfmt                    | .sh|.bash|.dash|.ksh | 4              | yes        |
| EDITORCONFIG | editorconfig-checker     | *                    | 20             | no         |
| GIT          | git_diff                 |                      | project        | no         |
| JSON         | jsonlint                 | .json                | 1              | no         |
| JSON         | eslint-plugin-jsonc      | .json|.json5|.jsonc  | 1              | yes        |
| JSON         | v8r                      | .json                | 1              | no         |
| JSON         | prettier                 | .json                | 1              | yes        |
| MARKDOWN     | markdownlint             | .md                  | 7              | yes        |
| MARKDOWN     | markdown-link-check      | .md                  | 7              | no         |
| MARKDOWN     | markdown-table-formatter | .md                  | 7              | yes        |
| SPELL        | misspell                 |                      | 20             | yes        |
| SPELL        | cspell                   |                      | 20             | no         |
| YAML         | prettier                 | .yml|.yaml           | 6              | yes        |
| YAML         | yamllint                 | .yml|.yaml           | 6              | no         |
| YAML         | v8r                      | .yml|.yaml           | 6              | no         |
+--------------+--------------------------+----------------------+----------------+------------+


[1m### Processed [BASH] files[0m
- Using [bash-exec v5.1.0] https://tiswww.case.edu/php/chet/bash/bashtop.html
- Mega-Linter key: [BASH_EXEC]
- Rules config: identified by [bash-exec]
[bash-exec] compile.sh - SUCCESS - 0 error(s)
[bash-exec] dependencies.sh - SUCCESS - 0 error(s)
[bash-exec] test-quick.sh - SUCCESS - 0 error(s)
[bash-exec] test-thorough.sh - SUCCESS - 0 error(s)
[32m✅ Linted [BASH] files with [bash-exec] successfully - (0.04s)[0m
[Text Reporter] Generated TEXT report: /github/workspace/report/linters_logs/SUCCESS-BASH_EXEC.log

[1m### Processed [BASH] files[0m
- Using [shellcheck v0.7.2] https://github.com/koalaman/shellcheck
- Mega-Linter key: [BASH_SHELLCHECK]
- Rules config: identified by [shellcheck]
[shellcheck] compile.sh - SUCCESS - 0 error(s)
[shellcheck] dependencies.sh - SUCCESS - 0 error(s)
[shellcheck] test-quick.sh - SUCCESS - 0 error(s)
[shellcheck] test-thorough.sh - SUCCESS - 0 error(s)
[32m✅ Linted [BASH] files with [shellcheck] successfully - (0.08s)[0m
[Text Reporter] Generated TEXT report: /github/workspace/report/linters_logs/SUCCESS-BASH_SHELLCHECK.log

[1m### Processed [BASH] files[0m
- Using [shfmt v3.2.4] https://github.com/mvdan/sh
- Mega-Linter key: [BASH_SHFMT]
- Rules config: identified by [shfmt]
[36m[shfmt] compile.sh - SUCCESS - 0 error(s) - FIXED[0m
[shfmt] dependencies.sh - SUCCESS - 0 error(s)
[shfmt] test-quick.sh - SUCCESS - 0 error(s)
[shfmt] test-thorough.sh - SUCCESS - 0 error(s)
[32m✅ Linted [BASH] files with [shfmt] successfully - (0.09s)[0m
[Text Reporter] Generated TEXT report: /github/workspace/report/linters_logs/SUCCESS-BASH_SHFMT.log

[1m### Processed [GIT] files[0m
- Using [git_diff v2.30.2] https://git-scm.com
- Mega-Linter key: [GIT_GIT_DIFF]
- Rules config: identified by [git_diff]
[32m✅ Linted [GIT] files with [git_diff] successfully - (0.01s)[0m
[Text Reporter] Generated TEXT report: /github/workspace/report/linters_logs/SUCCESS-GIT_GIT_DIFF.log

[1m### Processed [JSON] files[0m
- Using [jsonlint v1.6.3] https://github.com/zaach/jsonlint
- Mega-Linter key: [JSON_JSONLINT]
- Rules config: identified by [jsonlint]
[jsonlint] .cspell.json - SUCCESS - 0 error(s)
[32m✅ Linted [JSON] files with [jsonlint] successfully - (0.3s)[0m
[Text Reporter] Generated TEXT report: /github/workspace/report/linters_logs/SUCCESS-JSON_JSONLINT.log
Unable to get version for linter [eslint-plugin-jsonc]
npm list eslint-plugin-jsonc returned output: (1) /github/workspace
└── (empty)


Unable to extract version with regex re.compile('\\d+(\\.\\d+)+') from ERROR

[1m### Processed [JSON] files[0m
- Using [eslint-plugin-jsonc vERROR] https://ota-meshi.github.io/eslint-plugin-jsonc/
- Mega-Linter key: [JSON_ESLINT_PLUGIN_JSONC]
- Rules config: [.eslintrc-json.json]
[eslint-plugin-jsonc] .cspell.json
[32m✅ Linted [JSON] files with [eslint-plugin-jsonc] successfully - (1.13s)[0m
[Text Reporter] Generated TEXT report: /github/workspace/report/linters_logs/SUCCESS-JSON_ESLINT_PLUGIN_JSONC.log

[1m### Processed [EDITORCONFIG] files[0m
- Using [editorconfig-checker v2.3.5] https://editorconfig-checker.github.io/
- Mega-Linter key: [EDITORCONFIG_EDITORCONFIG_CHECKER]
- Rules config: identified by [editorconfig-checker]
[editorconfig-checker] .cspell.json - SUCCESS - 0 error(s)
[editorconfig-checker] .editorconfig - SUCCESS - 0 error(s)
[editorconfig-checker] .github/workflows/ci-centos.yml - SUCCESS - 0 error(s)
[editorconfig-checker] .github/workflows/ci-ubuntu.yml - SUCCESS - 0 error(s)
[editorconfig-checker] .github/workflows/lint.yml - SUCCESS - 0 error(s)
[editorconfig-checker] .github/workflows/mega-linter.yml - SUCCESS - 0 error(s)
[editorconfig-checker] .mega-linter.yml - SUCCESS - 0 error(s)
[editorconfig-checker] LICENSE - SUCCESS - 0 error(s)
[editorconfig-checker] README.md - SUCCESS - 0 error(s)
[editorconfig-checker] compile.sh - SUCCESS - 0 error(s)
[editorconfig-checker] dependencies.sh - SUCCESS - 0 error(s)
[editorconfig-checker] docs/README.md - SUCCESS - 0 error(s)
[editorconfig-checker] docs/activating.md - SUCCESS - 0 error(s)
[editorconfig-checker] docs/data.md - SUCCESS - 0 error(s)
[editorconfig-checker] docs/interactive.md - SUCCESS - 0 error(s)
[editorconfig-checker] docs/jobs.md - SUCCESS - 0 error(s)
[editorconfig-checker] docs/parallel.md - SUCCESS - 0 error(s)
[editorconfig-checker] environment.yml - SUCCESS - 0 error(s)
[editorconfig-checker] test-quick.sh - SUCCESS - 0 error(s)
[editorconfig-checker] test-thorough.sh - SUCCESS - 0 error(s)
[32m✅ Linted [EDITORCONFIG] files with [editorconfig-checker] successfully - (4.27s)[0m
[Text Reporter] Generated TEXT report: /github/workspace/report/linters_logs/SUCCESS-EDITORCONFIG_EDITORCONFIG_CHECKER.log

[1m### Processed [MARKDOWN] files[0m
- Using [markdownlint v0.27.1] https://github.com/DavidAnson/markdownlint
- Mega-Linter key: [MARKDOWN_MARKDOWNLINT]
- Rules config: [.markdown-lint.json]
[markdownlint] README.md
[markdownlint] docs/README.md
[markdownlint] docs/activating.md
[markdownlint] docs/data.md
[markdownlint] docs/interactive.md
[markdownlint] docs/jobs.md
[markdownlint] docs/parallel.md
[32m✅ Linted [MARKDOWN] files with [markdownlint] successfully - (0.39s)[0m
[Text Reporter] Generated TEXT report: /github/workspace/report/linters_logs/SUCCESS-MARKDOWN_MARKDOWNLINT.log

[1m### Processed [JSON] files[0m
- Using [v8r v0.5.0] https://github.com/chris48s/v8r
- Mega-Linter key: [JSON_V8R]
- Rules config: identified by [v8r]
[v8r] .cspell.json - SUCCESS - 0 error(s)
[32m✅ Linted [JSON] files with [v8r] successfully - (1.29s)[0m
[Text Reporter] Generated TEXT report: /github/workspace/report/linters_logs/SUCCESS-JSON_V8R.log

[1m### Processed [JSON] files[0m
- Using [prettier v2.3.0] https://prettier.io/
- Mega-Linter key: [JSON_PRETTIER]
- Rules config: identified by [prettier]
[prettier] .cspell.json - SUCCESS - 0 error(s)
[32m✅ Linted [JSON] files with [prettier] successfully - (0.53s)[0m
[Text Reporter] Generated TEXT report: /github/workspace/report/linters_logs/SUCCESS-JSON_PRETTIER.log

[1m### Processed [SPELL] files[0m
- Using [misspell v0.3.4] https://github.com/client9/misspell
- Mega-Linter key: [SPELL_MISSPELL]
- Rules config: identified by [misspell]
[misspell] .cspell.json
[misspell] .editorconfig
[misspell] .github/workflows/ci-centos.yml
[misspell] .github/workflows/ci-ubuntu.yml
[misspell] .github/workflows/lint.yml
[misspell] .github/workflows/mega-linter.yml
[misspell] .mega-linter.yml
[misspell] LICENSE
[misspell] README.md
[36m[misspell] compile.sh - FIXED[0m
[misspell] dependencies.sh
[misspell] docs/README.md
[misspell] docs/activating.md
[misspell] docs/data.md
[misspell] docs/interactive.md
[misspell] docs/jobs.md
[misspell] docs/parallel.md
[misspell] environment.yml
[misspell] test-quick.sh
[misspell] test-thorough.sh
[32m✅ Linted [SPELL] files with [misspell] successfully - (0.06s)[0m
[Text Reporter] Generated TEXT report: /github/workspace/report/linters_logs/SUCCESS-SPELL_MISSPELL.log

[1m### Processed [MARKDOWN] files[0m
- Using [markdown-link-check v0.0.0] https://github.com/tcort/markdown-link-check
- Mega-Linter key: [MARKDOWN_MARKDOWN_LINK_CHECK]
- Rules config: [.markdown-link-check.json]
[markdown-link-check] README.md - SUCCESS - 0 error(s)
[markdown-link-check] docs/README.md - SUCCESS - 0 error(s)
[markdown-link-check] docs/activating.md - SUCCESS - 0 error(s)
[markdown-link-check] docs/data.md - SUCCESS - 0 error(s)
[markdown-link-check] docs/interactive.md - SUCCESS - 0 error(s)
[markdown-link-check] docs/jobs.md - SUCCESS - 0 error(s)
[markdown-link-check] docs/parallel.md - SUCCESS - 0 error(s)
[32m✅ Linted [MARKDOWN] files with [markdown-link-check] successfully - (4.21s)[0m
[Text Reporter] Generated TEXT report: /github/workspace/report/linters_logs/SUCCESS-MARKDOWN_MARKDOWN_LINK_CHECK.log

[1m### Processed [MARKDOWN] files[0m
- Using [markdown-table-formatter v1.1.0] https://www.npmjs.com/package/markdown-table-formatter
- Mega-Linter key: [MARKDOWN_MARKDOWN_TABLE_FORMATTER]
- Rules config: identified by [markdown-table-formatter]
[markdown-table-formatter] README.md
[markdown-table-formatter] docs/README.md
[markdown-table-formatter] docs/activating.md
[markdown-table-formatter] docs/data.md
[markdown-table-formatter] docs/interactive.md
[markdown-table-formatter] docs/jobs.md
[markdown-table-formatter] docs/parallel.md
[32m✅ Linted [MARKDOWN] files with [markdown-table-formatter] successfully - (0.34s)[0m
[Text Reporter] Generated TEXT report: /github/workspace/report/linters_logs/SUCCESS-MARKDOWN_MARKDOWN_TABLE_FORMATTER.log

[1m### Processed [SPELL] files[0m
- Using [cspell v4.1.3] https://github.com/streetsidesoftware/cspell/tree/master/packages/cspell
- Mega-Linter key: [SPELL_CSPELL]
- Rules config: [/github/workspace/.cspell.json]
[cspell] .cspell.json
[cspell] .editorconfig
[cspell] .github/workflows/ci-centos.yml
[cspell] .github/workflows/ci-ubuntu.yml
[cspell] .github/workflows/lint.yml
[cspell] .github/workflows/mega-linter.yml
[cspell] .mega-linter.yml
[cspell] LICENSE
[cspell] README.md
[cspell] compile.sh
[cspell] dependencies.sh
[cspell] docs/README.md
[cspell] docs/activating.md
[cspell] docs/data.md
[cspell] docs/interactive.md
[cspell] docs/jobs.md
[cspell] docs/parallel.md
[cspell] environment.yml
[cspell] test-quick.sh
[cspell] test-thorough.sh
[32m✅ Linted [SPELL] files with [cspell] successfully - (3.66s)[0m
[Text Reporter] Generated TEXT report: /github/workspace/report/linters_logs/SUCCESS-SPELL_CSPELL.log

[1m### Processed [YAML] files[0m
- Using [prettier v2.3.0] https://prettier.io/
- Mega-Linter key: [YAML_PRETTIER]
- Rules config: identified by [prettier]
[prettier] .github/workflows/ci-centos.yml - SUCCESS - 0 error(s)
[prettier] .github/workflows/ci-ubuntu.yml - SUCCESS - 0 error(s)
[prettier] .github/workflows/lint.yml - SUCCESS - 0 error(s)
[prettier] .github/workflows/mega-linter.yml - SUCCESS - 0 error(s)
[prettier] .mega-linter.yml - SUCCESS - 0 error(s)
[prettier] environment.yml - SUCCESS - 0 error(s)
[32m✅ Linted [YAML] files with [prettier] successfully - (3.22s)[0m
[Text Reporter] Generated TEXT report: /github/workspace/report/linters_logs/SUCCESS-YAML_PRETTIER.log

[1m### Processed [YAML] files[0m
- Using [yamllint v1.26.1] https://yamllint.readthedocs.io/
- Mega-Linter key: [YAML_YAMLLINT]
- Rules config: [.yaml-lint.yml]
[yamllint] .github/workflows/ci-centos.yml - SUCCESS - 0 error(s)
[yamllint] .github/workflows/ci-ubuntu.yml - SUCCESS - 0 error(s)
[yamllint] .github/workflows/lint.yml - SUCCESS - 0 error(s)
[yamllint] .github/workflows/mega-linter.yml - SUCCESS - 0 error(s)
[yamllint] .mega-linter.yml - SUCCESS - 0 error(s)
[yamllint] environment.yml - SUCCESS - 0 error(s)
[32m✅ Linted [YAML] files with [yamllint] successfully - (0.76s)[0m
[Text Reporter] Generated TEXT report: /github/workspace/report/linters_logs/SUCCESS-YAML_YAMLLINT.log

[1m### Processed [YAML] files[0m
- Using [v8r v0.5.0] https://github.com/chris48s/v8r
- Mega-Linter key: [YAML_V8R]
- Rules config: identified by [v8r]
[v8r] .github/workflows/ci-centos.yml - SUCCESS - 0 error(s)
[v8r] .github/workflows/ci-ubuntu.yml - SUCCESS - 0 error(s)
[v8r] .github/workflows/lint.yml - SUCCESS - 0 error(s)
[v8r] .github/workflows/mega-linter.yml - SUCCESS - 0 error(s)
[v8r] .mega-linter.yml - SUCCESS - 0 error(s)
[v8r] environment.yml - SUCCESS - 0 error(s)
[32m✅ Linted [YAML] files with [v8r] successfully - (3.3s)[0m
[Text Reporter] Generated TEXT report: /github/workspace/report/linters_logs/SUCCESS-YAML_V8R.log

+----SUMMARY------+--------------------------+---------+-------+--------+--------------+
| Descriptor      | Linter                   |   Files | Fixed | Errors | Elapsed time |
+-----------------+--------------------------+---------+-------+--------+--------------+
| ✅ BASH         | bash-exec                |       4 |       |      0 |        0.04s |
| ✅ BASH         | shellcheck               |       4 |       |      0 |        0.08s |
| ✅ BASH         | shfmt                    |       4 |     1 |      0 |        0.09s |
| ✅ EDITORCONFIG | editorconfig-checker     |      20 |       |      0 |        4.27s |
| ✅ GIT          | git_diff                 | project |       |      0 |        0.01s |
| ✅ JSON         | eslint-plugin-jsonc      |       1 |     0 |      0 |        1.13s |
| ✅ JSON         | jsonlint                 |       1 |       |      0 |         0.3s |
| ✅ JSON         | prettier                 |       1 |     0 |      0 |        0.53s |
| ✅ JSON         | v8r                      |       1 |       |      0 |        1.29s |
| ✅ MARKDOWN     | markdownlint             |       7 |     0 |      0 |        0.39s |
| ✅ MARKDOWN     | markdown-link-check      |       7 |       |      0 |        4.21s |
| ✅ MARKDOWN     | markdown-table-formatter |       7 |     0 |      0 |        0.34s |
| ✅ SPELL        | cspell                   |      20 |       |      0 |        3.66s |
| ✅ SPELL        | misspell                 |      20 |     1 |      0 |        0.06s |
| ✅ YAML         | prettier                 |       6 |     0 |      0 |        3.22s |
| ✅ YAML         | v8r                      |       6 |       |      0 |         3.3s |
| ✅ YAML         | yamllint                 |       6 |       |      0 |        0.76s |
+-----------------+--------------------------+---------+-------+--------+--------------+

[GitHub Comment Reporter] No pull request was found, so no comment has been posted
[Updated Sources Reporter] copied 1 fixed source files in folder /github/workspace/report/updated_sources.
Download it from artifacts then copy-paste it in your local repo to apply linters updates
✅ Successfully linted all files without errors
