Results of editorconfig-checker linter (version 2.3.5)
See documentation on https://nvuillam.github.io/mega-linter/descriptors/editorconfig_editorconfig_checker/
-----------------------------------------------

✅ [SUCCESS] .cspell.json
✅ [SUCCESS] .editorconfig
✅ [SUCCESS] .github/workflows/ci-centos.yml
✅ [SUCCESS] .github/workflows/ci-ubuntu.yml
✅ [SUCCESS] .github/workflows/lint.yml
✅ [SUCCESS] .github/workflows/mega-linter.yml
✅ [SUCCESS] .mega-linter.yml
✅ [SUCCESS] LICENSE
✅ [SUCCESS] README.md
✅ [SUCCESS] compile.sh
✅ [SUCCESS] dependencies.sh
✅ [SUCCESS] docs/README.md
✅ [SUCCESS] docs/activating.md
✅ [SUCCESS] docs/data.md
✅ [SUCCESS] docs/interactive.md
✅ [SUCCESS] docs/jobs.md
✅ [SUCCESS] docs/parallel.md
✅ [SUCCESS] environment.yml
✅ [SUCCESS] patches/platfrom.make.patch
✅ [SUCCESS] test-quick.sh
✅ [SUCCESS] test-thorough.sh
